{"uid":"5554aee65f113630","name":"CreateYesOrNoHabit","fullName":"MobileTests:MobileTests.Tests.CreateYesOrNoHabit()","historyId":"c8b12238b6dac58361ec5ba4a8d287e8","time":{"start":1714792203970,"stop":1714792256411,"duration":52441},"status":"broken","statusMessage":"OpenQA.Selenium.NoSuchElementException : Element with locator XPath: //android.widget.TextView[@text='Yes orr No'] was not found.\n  ----> OpenQA.Selenium.WebDriverTimeoutException : Timed out after 30 seconds\n  ----> OpenQA.Selenium.NoSuchElementException : An element could not be located on the page using the given search parameters.","statusTrace":"   at Helpers.Drivers.Mobile.MobileDriverManager.FindElement(FindsBy findsBy, String locator) in /home/runner/work/gui-automation-csharp/gui-automation-csharp/Helpers/Drivers/Mobile/MobileDriverManager.cs:line 88\n   at Helpers.Drivers.Mobile.MobileDriverManager.GetElement(ElementType elementType, FindsBy findsBy, String locator) in /home/runner/work/gui-automation-csharp/gui-automation-csharp/Helpers/Drivers/Mobile/MobileDriverManager.cs:line 53\n   at MobileViews.HabitsView.SelectHabitType(String habitType) in /home/runner/work/gui-automation-csharp/gui-automation-csharp/MobileViews/HabitsView.cs:line 18\n   at MobileTests.Tests.<>c__DisplayClass2_0.<CreateYesOrNoHabit>b__0() in /home/runner/work/gui-automation-csharp/gui-automation-csharp/MobileTests/CreateHabit.cs:line 33\n   at Allure.Net.Commons.AllureApi.<>c__DisplayClass34_0.<Step>b__0()\n   at Allure.Net.Commons.AllureApi.ExecuteAction[T](String name, Action`1 start, Func`1 action, Action`1 resolve)\n   at Allure.Net.Commons.AllureApi.ExecuteStep[T](String name, Func`1 action)\n   at Allure.Net.Commons.AllureApi.Step(String name, Action action)\n   at MobileTests.Tests.CreateYesOrNoHabit() in /home/runner/work/gui-automation-csharp/gui-automation-csharp/MobileTests/CreateHabit.cs:line 30\n   at System.RuntimeMethodHandle.InvokeMethod(Object target, Void** arguments, Signature sig, Boolean isConstructor)\n   at System.Reflection.MethodBaseInvoker.InvokeWithNoArgs(Object obj, BindingFlags invokeAttr)\n--WebDriverTimeoutException\n   at OpenQA.Selenium.Support.UI.DefaultWait`1.ThrowTimeoutException(String exceptionMessage, Exception lastException)\n   at OpenQA.Selenium.Support.UI.DefaultWait`1.Until[TResult](Func`2 condition)\n   at Helpers.Drivers.Mobile.MobileDriverManager.FindElement(FindsBy findsBy, String locator) in /home/runner/work/gui-automation-csharp/gui-automation-csharp/Helpers/Drivers/Mobile/MobileDriverManager.cs:line 77\n--NoSuchElementException\n   at OpenQA.Selenium.Remote.RemoteWebDriver.UnpackAndThrowOnError(Response errorResponse)\n   at OpenQA.Selenium.Remote.RemoteWebDriver.Execute(String driverCommandToExecute, Dictionary`2 parameters)\n   at OpenQA.Selenium.Appium.AppiumDriver`1.Execute(String driverCommandToExecute, Dictionary`2 parameters)\n   at OpenQA.Selenium.Remote.RemoteWebDriver.FindElement(String mechanism, String value)\n   at OpenQA.Selenium.Remote.RemoteWebDriver.FindElementByXPath(String xpath)\n   at OpenQA.Selenium.Appium.AppiumDriver`1.FindElementByXPath(String xpath)\n   at Helpers.Drivers.Mobile.MobileDriverManager.<>c__DisplayClass5_0.<FindElement>b__0(IWebDriver driver) in /home/runner/work/gui-automation-csharp/gui-automation-csharp/Helpers/Drivers/Mobile/MobileDriverManager.cs:line 77\n   at OpenQA.Selenium.Support.UI.DefaultWait`1.Until[TResult](Func`2 condition)","flaky":false,"newFailed":false,"newBroken":false,"newPassed":false,"retriesCount":0,"retriesStatusChange":false,"beforeStages":[{"name":"Start device and load app.","time":{"start":1714792203984,"stop":1714792222873,"duration":18889},"status":"passed","steps":[],"attachments":[],"parameters":[],"shouldDisplayMessage":false,"stepsCount":0,"attachmentsCount":0,"hasContent":false,"attachmentStep":false}],"testStage":{"status":"broken","statusMessage":"OpenQA.Selenium.NoSuchElementException : Element with locator XPath: //android.widget.TextView[@text='Yes orr No'] was not found.\n  ----> OpenQA.Selenium.WebDriverTimeoutException : Timed out after 30 seconds\n  ----> OpenQA.Selenium.NoSuchElementException : An element could not be located on the page using the given search parameters.","statusTrace":"   at Helpers.Drivers.Mobile.MobileDriverManager.FindElement(FindsBy findsBy, String locator) in /home/runner/work/gui-automation-csharp/gui-automation-csharp/Helpers/Drivers/Mobile/MobileDriverManager.cs:line 88\n   at Helpers.Drivers.Mobile.MobileDriverManager.GetElement(ElementType elementType, FindsBy findsBy, String locator) in /home/runner/work/gui-automation-csharp/gui-automation-csharp/Helpers/Drivers/Mobile/MobileDriverManager.cs:line 53\n   at MobileViews.HabitsView.SelectHabitType(String habitType) in /home/runner/work/gui-automation-csharp/gui-automation-csharp/MobileViews/HabitsView.cs:line 18\n   at MobileTests.Tests.<>c__DisplayClass2_0.<CreateYesOrNoHabit>b__0() in /home/runner/work/gui-automation-csharp/gui-automation-csharp/MobileTests/CreateHabit.cs:line 33\n   at Allure.Net.Commons.AllureApi.<>c__DisplayClass34_0.<Step>b__0()\n   at Allure.Net.Commons.AllureApi.ExecuteAction[T](String name, Action`1 start, Func`1 action, Action`1 resolve)\n   at Allure.Net.Commons.AllureApi.ExecuteStep[T](String name, Func`1 action)\n   at Allure.Net.Commons.AllureApi.Step(String name, Action action)\n   at MobileTests.Tests.CreateYesOrNoHabit() in /home/runner/work/gui-automation-csharp/gui-automation-csharp/MobileTests/CreateHabit.cs:line 30\n   at System.RuntimeMethodHandle.InvokeMethod(Object target, Void** arguments, Signature sig, Boolean isConstructor)\n   at System.Reflection.MethodBaseInvoker.InvokeWithNoArgs(Object obj, BindingFlags invokeAttr)\n--WebDriverTimeoutException\n   at OpenQA.Selenium.Support.UI.DefaultWait`1.ThrowTimeoutException(String exceptionMessage, Exception lastException)\n   at OpenQA.Selenium.Support.UI.DefaultWait`1.Until[TResult](Func`2 condition)\n   at Helpers.Drivers.Mobile.MobileDriverManager.FindElement(FindsBy findsBy, String locator) in /home/runner/work/gui-automation-csharp/gui-automation-csharp/Helpers/Drivers/Mobile/MobileDriverManager.cs:line 77\n--NoSuchElementException\n   at OpenQA.Selenium.Remote.RemoteWebDriver.UnpackAndThrowOnError(Response errorResponse)\n   at OpenQA.Selenium.Remote.RemoteWebDriver.Execute(String driverCommandToExecute, Dictionary`2 parameters)\n   at OpenQA.Selenium.Appium.AppiumDriver`1.Execute(String driverCommandToExecute, Dictionary`2 parameters)\n   at OpenQA.Selenium.Remote.RemoteWebDriver.FindElement(String mechanism, String value)\n   at OpenQA.Selenium.Remote.RemoteWebDriver.FindElementByXPath(String xpath)\n   at OpenQA.Selenium.Appium.AppiumDriver`1.FindElementByXPath(String xpath)\n   at Helpers.Drivers.Mobile.MobileDriverManager.<>c__DisplayClass5_0.<FindElement>b__0(IWebDriver driver) in /home/runner/work/gui-automation-csharp/gui-automation-csharp/Helpers/Drivers/Mobile/MobileDriverManager.cs:line 77\n   at OpenQA.Selenium.Support.UI.DefaultWait`1.Until[TResult](Func`2 condition)","steps":[{"name":"Select Habit type: Yes or No","time":{"start":1714792222875,"stop":1714792255077,"duration":32202},"status":"broken","statusMessage":"Element with locator XPath: //android.widget.TextView[@text='Yes orr No'] was not found.","statusTrace":"OpenQA.Selenium.NoSuchElementException: Element with locator XPath: //android.widget.TextView[@text='Yes orr No'] was not found.\n ---> OpenQA.Selenium.WebDriverTimeoutException: Timed out after 30 seconds\n ---> OpenQA.Selenium.NoSuchElementException: An element could not be located on the page using the given search parameters.\n   at OpenQA.Selenium.Remote.RemoteWebDriver.UnpackAndThrowOnError(Response errorResponse)\n   at OpenQA.Selenium.Remote.RemoteWebDriver.Execute(String driverCommandToExecute, Dictionary`2 parameters)\n   at OpenQA.Selenium.Appium.AppiumDriver`1.Execute(String driverCommandToExecute, Dictionary`2 parameters)\n   at OpenQA.Selenium.Remote.RemoteWebDriver.FindElement(String mechanism, String value)\n   at OpenQA.Selenium.Remote.RemoteWebDriver.FindElementByXPath(String xpath)\n   at OpenQA.Selenium.Appium.AppiumDriver`1.FindElementByXPath(String xpath)\n   at Helpers.Drivers.Mobile.MobileDriverManager.<>c__DisplayClass5_0.<FindElement>b__0(IWebDriver driver) in /home/runner/work/gui-automation-csharp/gui-automation-csharp/Helpers/Drivers/Mobile/MobileDriverManager.cs:line 77\n   at OpenQA.Selenium.Support.UI.DefaultWait`1.Until[TResult](Func`2 condition)\n   --- End of inner exception stack trace ---\n   at OpenQA.Selenium.Support.UI.DefaultWait`1.ThrowTimeoutException(String exceptionMessage, Exception lastException)\n   at OpenQA.Selenium.Support.UI.DefaultWait`1.Until[TResult](Func`2 condition)\n   at Helpers.Drivers.Mobile.MobileDriverManager.FindElement(FindsBy findsBy, String locator) in /home/runner/work/gui-automation-csharp/gui-automation-csharp/Helpers/Drivers/Mobile/MobileDriverManager.cs:line 77\n   --- End of inner exception stack trace ---\n   at Helpers.Drivers.Mobile.MobileDriverManager.FindElement(FindsBy findsBy, String locator) in /home/runner/work/gui-automation-csharp/gui-automation-csharp/Helpers/Drivers/Mobile/MobileDriverManager.cs:line 88\n   at Helpers.Drivers.Mobile.MobileDriverManager.GetElement(ElementType elementType, FindsBy findsBy, String locator) in /home/runner/work/gui-automation-csharp/gui-automation-csharp/Helpers/Drivers/Mobile/MobileDriverManager.cs:line 53\n   at MobileViews.HabitsView.SelectHabitType(String habitType) in /home/runner/work/gui-automation-csharp/gui-automation-csharp/MobileViews/HabitsView.cs:line 18\n   at MobileTests.Tests.<>c__DisplayClass2_0.<CreateYesOrNoHabit>b__0() in /home/runner/work/gui-automation-csharp/gui-automation-csharp/MobileTests/CreateHabit.cs:line 33\n   at Allure.Net.Commons.AllureApi.<>c__DisplayClass34_0.<Step>b__0()\n   at Allure.Net.Commons.AllureApi.ExecuteAction[T](String name, Action`1 start, Func`1 action, Action`1 resolve)\n   at Allure.Net.Commons.AllureApi.ExecuteStep[T](String name, Func`1 action)\n   at Allure.Net.Commons.AllureApi.Step(String name, Action action)\n   at MobileTests.Tests.CreateYesOrNoHabit() in /home/runner/work/gui-automation-csharp/gui-automation-csharp/MobileTests/CreateHabit.cs:line 30","steps":[],"attachments":[],"parameters":[],"shouldDisplayMessage":true,"stepsCount":0,"attachmentsCount":0,"hasContent":true,"attachmentStep":false}],"attachments":[{"uid":"6ccb0d6fb3956093","name":"Failed: CreateYesOrNoHabit","source":"6ccb0d6fb3956093.png","type":"image/png","size":88968},{"uid":"4edcb91ab4a8430d","name":"Failed: CreateYesOrNoHabit","source":"4edcb91ab4a8430d.bin","type":"image/png","size":0}],"parameters":[],"shouldDisplayMessage":true,"stepsCount":1,"attachmentsCount":2,"hasContent":true,"attachmentStep":false},"afterStages":[{"name":"Stop appium session.","time":{"start":1714792255787,"stop":1714792256384,"duration":597},"status":"passed","steps":[],"attachments":[],"parameters":[],"shouldDisplayMessage":false,"stepsCount":0,"attachmentsCount":0,"hasContent":false,"attachmentStep":false}],"labels":[{"name":"thread","value":"NonParallelWorker"},{"name":"host","value":"fv-az1152-305"},{"name":"language","value":"C#"},{"name":"framework","value":"NUnit 3"},{"name":"package","value":"MobileTests"},{"name":"testMethod","value":"CreateYesOrNoHabit"},{"name":"testClass","value":"Tests"},{"name":"resultFormat","value":"allure2"}],"parameters":[],"links":[],"hidden":false,"retry":false,"extra":{"severity":"normal","retries":[],"categories":[{"name":"Test defects","matchedStatuses":[],"flaky":false}],"tags":[]},"source":"5554aee65f113630.json","parameterValues":[]}