{"uid":"fe283141be1f9357","name":"CreateYesOrNoHabit","fullName":"MobileTests:MobileTests.Tests.CreateYesOrNoHabit()","historyId":"c8b12238b6dac58361ec5ba4a8d287e8","time":{"start":1714793786704,"stop":1714793787649,"duration":945},"status":"broken","statusMessage":"OpenQA.Selenium.WebDriverException : Invalid username or password\nTearDown : System.NullReferenceException : Object reference not set to an instance of an object.","statusTrace":"   at OpenQA.Selenium.Remote.RemoteWebDriver.UnpackAndThrowOnError(Response errorResponse)\n   at OpenQA.Selenium.Remote.RemoteWebDriver.Execute(String driverCommandToExecute, Dictionary`2 parameters)\n   at OpenQA.Selenium.Appium.AppiumDriver`1.Execute(String driverCommandToExecute, Dictionary`2 parameters)\n   at OpenQA.Selenium.Remote.RemoteWebDriver.StartSession(ICapabilities desiredCapabilities)\n   at OpenQA.Selenium.Remote.RemoteWebDriver..ctor(ICommandExecutor commandExecutor, ICapabilities desiredCapabilities)\n   at OpenQA.Selenium.Appium.AppiumDriver`1..ctor(ICommandExecutor commandExecutor, ICapabilities appiumOptions)\n   at OpenQA.Selenium.Appium.AppiumDriver`1..ctor(Uri remoteAddress, ICapabilities appiumOptions, TimeSpan commandTimeout)\n   at OpenQA.Selenium.Appium.AppiumDriver`1..ctor(Uri remoteAddress, ICapabilities appiumOptions)\n   at OpenQA.Selenium.Appium.Android.AndroidDriver`1..ctor(Uri remoteAddress, DriverOptions driverOptions)\n   at Helpers.Drivers.Mobile.BrowserstackDriverBuilder.GetDriver() in /home/runner/work/gui-automation-csharp/gui-automation-csharp/Helpers/Drivers/Mobile/BrowserstackDriverBuilder.cs:line 14\n   at Helpers.Drivers.Mobile.MobileDriverManager..ctor() in /home/runner/work/gui-automation-csharp/gui-automation-csharp/Helpers/Drivers/Mobile/MobileDriverManager.cs:line 21\n   at MobileTests.Tests.__a$_around_Setup_100663299_o() in /home/runner/work/gui-automation-csharp/gui-automation-csharp/MobileTests/CreateHabit.cs:line 19\n   at MobileTests.Tests.__a$_around_Setup_100663299_u(Object[])\n   at Allure.Net.Commons.Steps.AllureAbstractStepAspect.WrapSyncVoid(Func`2 target, Object[] args, MethodBase metadata, String stepName, List`1 stepParameters)\n   at System.RuntimeMethodHandle.InvokeMethod(Object target, Void** arguments, Signature sig, Boolean isConstructor)\n   at System.Reflection.MethodBaseInvoker.InvokeWithManyArgs(Object obj, BindingFlags invokeAttr, Binder binder, Object[] parameters, CultureInfo culture)\n--TearDown\n   at MobileTests.Tests.__a$_around_TearDown_100663302_o() in /home/runner/work/gui-automation-csharp/gui-automation-csharp/MobileTests/CreateHabit.cs:line 86\n   at MobileTests.Tests.__a$_around_TearDown_100663302_u(Object[])\n   at Allure.Net.Commons.Steps.AllureAbstractStepAspect.WrapSyncVoid(Func`2 target, Object[] args, MethodBase metadata, String stepName, List`1 stepParameters)\n   at InvokeStub_AllureAbstractStepAspect.WrapSyncVoid(Object, Span`1)\n   at System.Reflection.MethodBaseInvoker.InvokeWithManyArgs(Object obj, BindingFlags invokeAttr, Binder binder, Object[] parameters, CultureInfo culture)","flaky":false,"newFailed":false,"newBroken":false,"newPassed":false,"retriesCount":0,"retriesStatusChange":false,"beforeStages":[{"name":"Start device and load app.","time":{"start":1714793786718,"stop":1714793787642,"duration":924},"status":"broken","statusMessage":"Invalid username or password","statusTrace":"OpenQA.Selenium.WebDriverException: Invalid username or password\n   at OpenQA.Selenium.Remote.RemoteWebDriver.UnpackAndThrowOnError(Response errorResponse)\n   at OpenQA.Selenium.Remote.RemoteWebDriver.Execute(String driverCommandToExecute, Dictionary`2 parameters)\n   at OpenQA.Selenium.Appium.AppiumDriver`1.Execute(String driverCommandToExecute, Dictionary`2 parameters)\n   at OpenQA.Selenium.Remote.RemoteWebDriver.StartSession(ICapabilities desiredCapabilities)\n   at OpenQA.Selenium.Remote.RemoteWebDriver..ctor(ICommandExecutor commandExecutor, ICapabilities desiredCapabilities)\n   at OpenQA.Selenium.Appium.AppiumDriver`1..ctor(ICommandExecutor commandExecutor, ICapabilities appiumOptions)\n   at OpenQA.Selenium.Appium.AppiumDriver`1..ctor(Uri remoteAddress, ICapabilities appiumOptions, TimeSpan commandTimeout)\n   at OpenQA.Selenium.Appium.AppiumDriver`1..ctor(Uri remoteAddress, ICapabilities appiumOptions)\n   at OpenQA.Selenium.Appium.Android.AndroidDriver`1..ctor(Uri remoteAddress, DriverOptions driverOptions)\n   at Helpers.Drivers.Mobile.BrowserstackDriverBuilder.GetDriver() in /home/runner/work/gui-automation-csharp/gui-automation-csharp/Helpers/Drivers/Mobile/BrowserstackDriverBuilder.cs:line 14\n   at Helpers.Drivers.Mobile.MobileDriverManager..ctor() in /home/runner/work/gui-automation-csharp/gui-automation-csharp/Helpers/Drivers/Mobile/MobileDriverManager.cs:line 21\n   at MobileTests.Tests.__a$_around_Setup_100663299_o() in /home/runner/work/gui-automation-csharp/gui-automation-csharp/MobileTests/CreateHabit.cs:line 19\n   at MobileTests.Tests.__a$_around_Setup_100663299_u(Object[])\n   at Allure.Net.Commons.Steps.AllureAbstractStepAspect.WrapSyncVoid(Func`2 target, Object[] args, MethodBase metadata, String stepName, List`1 stepParameters)","steps":[],"attachments":[],"parameters":[],"shouldDisplayMessage":true,"stepsCount":0,"attachmentsCount":0,"hasContent":true,"attachmentStep":false}],"afterStages":[{"name":"Stop appium session.","time":{"start":1714793787646,"stop":1714793787646,"duration":0},"status":"broken","statusMessage":"Object reference not set to an instance of an object.","statusTrace":"System.NullReferenceException: Object reference not set to an instance of an object.\n   at MobileTests.Tests.__a$_around_TearDown_100663302_o() in /home/runner/work/gui-automation-csharp/gui-automation-csharp/MobileTests/CreateHabit.cs:line 86\n   at MobileTests.Tests.__a$_around_TearDown_100663302_u(Object[])\n   at Allure.Net.Commons.Steps.AllureAbstractStepAspect.WrapSyncVoid(Func`2 target, Object[] args, MethodBase metadata, String stepName, List`1 stepParameters)","steps":[],"attachments":[],"parameters":[],"shouldDisplayMessage":true,"stepsCount":0,"attachmentsCount":0,"hasContent":true,"attachmentStep":false}],"labels":[{"name":"thread","value":"NonParallelWorker"},{"name":"host","value":"fv-az1196-675"},{"name":"language","value":"C#"},{"name":"framework","value":"NUnit 3"},{"name":"package","value":"MobileTests"},{"name":"testMethod","value":"CreateYesOrNoHabit"},{"name":"testClass","value":"Tests"},{"name":"resultFormat","value":"allure2"}],"parameters":[],"links":[],"hidden":false,"retry":false,"extra":{"severity":"normal","retries":[],"categories":[{"name":"Test defects","matchedStatuses":[],"flaky":false}],"history":{"statistic":{"failed":0,"broken":3,"skipped":0,"passed":0,"unknown":0,"total":3},"items":[{"uid":"49cb73ebd240718a","reportUrl":"https://sebasonti.github.io/gui-automation-csharp/7//#testresult/49cb73ebd240718a","status":"broken","statusDetails":"OpenQA.Selenium.WebDriverException : Invalid username or password\nTearDown : System.NullReferenceException : Object reference not set to an instance of an object.","time":{"start":1714792818826,"stop":1714792819232,"duration":406}},{"uid":"5554aee65f113630","reportUrl":"https://sebasonti.github.io/gui-automation-csharp/6//#testresult/5554aee65f113630","status":"broken","statusDetails":"OpenQA.Selenium.NoSuchElementException : Element with locator XPath: //android.widget.TextView[@text='Yes orr No'] was not found.\n  ----> OpenQA.Selenium.WebDriverTimeoutException : Timed out after 30 seconds\n  ----> OpenQA.Selenium.NoSuchElementException : An element could not be located on the page using the given search parameters.","time":{"start":1714792203970,"stop":1714792256411,"duration":52441}}]},"tags":[]},"source":"fe283141be1f9357.json","parameterValues":[]}