{"uid":"8a7b9f8526db074f","name":"CreateYesOrNoHabit","fullName":"MobileTests:MobileTests.Tests.CreateYesOrNoHabit()","historyId":"c8b12238b6dac58361ec5ba4a8d287e8","time":{"start":1715008580730,"stop":1715008581215,"duration":485},"status":"broken","statusMessage":"OpenQA.Selenium.WebDriverException : Invalid username or password\nTearDown : System.NullReferenceException : Object reference not set to an instance of an object.","statusTrace":"   at OpenQA.Selenium.Remote.RemoteWebDriver.UnpackAndThrowOnError(Response errorResponse)\n   at OpenQA.Selenium.Remote.RemoteWebDriver.Execute(String driverCommandToExecute, Dictionary`2 parameters)\n   at OpenQA.Selenium.Appium.AppiumDriver`1.Execute(String driverCommandToExecute, Dictionary`2 parameters)\n   at OpenQA.Selenium.Remote.RemoteWebDriver.StartSession(ICapabilities desiredCapabilities)\n   at OpenQA.Selenium.Remote.RemoteWebDriver..ctor(ICommandExecutor commandExecutor, ICapabilities desiredCapabilities)\n   at OpenQA.Selenium.Appium.AppiumDriver`1..ctor(ICommandExecutor commandExecutor, ICapabilities appiumOptions)\n   at OpenQA.Selenium.Appium.AppiumDriver`1..ctor(Uri remoteAddress, ICapabilities appiumOptions, TimeSpan commandTimeout)\n   at OpenQA.Selenium.Appium.AppiumDriver`1..ctor(Uri remoteAddress, ICapabilities appiumOptions)\n   at OpenQA.Selenium.Appium.Android.AndroidDriver`1..ctor(Uri remoteAddress, DriverOptions driverOptions)\n   at Helpers.Drivers.Mobile.BrowserstackDriverBuilder.GetDriver() in /home/runner/work/gui-automation-csharp/gui-automation-csharp/Helpers/Drivers/Mobile/BrowserstackDriverBuilder.cs:line 14\n   at Helpers.Drivers.Mobile.MobileDriverManager..ctor() in /home/runner/work/gui-automation-csharp/gui-automation-csharp/Helpers/Drivers/Mobile/MobileDriverManager.cs:line 21\n   at MobileTests.Tests.__a$_around_Setup_100663299_o() in /home/runner/work/gui-automation-csharp/gui-automation-csharp/MobileTests/CreateHabit.cs:line 19\n   at MobileTests.Tests.__a$_around_Setup_100663299_u(Object[])\n   at Allure.Net.Commons.Steps.AllureAbstractStepAspect.WrapSyncVoid(Func`2 target, Object[] args, MethodBase metadata, String stepName, List`1 stepParameters)\n   at System.RuntimeMethodHandle.InvokeMethod(Object target, Void** arguments, Signature sig, Boolean isConstructor)\n   at System.Reflection.MethodBaseInvoker.InvokeWithManyArgs(Object obj, BindingFlags invokeAttr, Binder binder, Object[] parameters, CultureInfo culture)\n--TearDown\n   at MobileTests.Tests.__a$_around_TearDown_100663302_o() in /home/runner/work/gui-automation-csharp/gui-automation-csharp/MobileTests/CreateHabit.cs:line 86\n   at MobileTests.Tests.__a$_around_TearDown_100663302_u(Object[])\n   at Allure.Net.Commons.Steps.AllureAbstractStepAspect.WrapSyncVoid(Func`2 target, Object[] args, MethodBase metadata, String stepName, List`1 stepParameters)\n   at InvokeStub_AllureAbstractStepAspect.WrapSyncVoid(Object, Span`1)\n   at System.Reflection.MethodBaseInvoker.InvokeWithManyArgs(Object obj, BindingFlags invokeAttr, Binder binder, Object[] parameters, CultureInfo culture)","flaky":false,"newFailed":false,"newBroken":false,"newPassed":false,"retriesCount":0,"retriesStatusChange":false,"beforeStages":[{"name":"Start device and load app.","time":{"start":1715008580745,"stop":1715008581208,"duration":463},"status":"broken","statusMessage":"Invalid username or password","statusTrace":"OpenQA.Selenium.WebDriverException: Invalid username or password\n   at OpenQA.Selenium.Remote.RemoteWebDriver.UnpackAndThrowOnError(Response errorResponse)\n   at OpenQA.Selenium.Remote.RemoteWebDriver.Execute(String driverCommandToExecute, Dictionary`2 parameters)\n   at OpenQA.Selenium.Appium.AppiumDriver`1.Execute(String driverCommandToExecute, Dictionary`2 parameters)\n   at OpenQA.Selenium.Remote.RemoteWebDriver.StartSession(ICapabilities desiredCapabilities)\n   at OpenQA.Selenium.Remote.RemoteWebDriver..ctor(ICommandExecutor commandExecutor, ICapabilities desiredCapabilities)\n   at OpenQA.Selenium.Appium.AppiumDriver`1..ctor(ICommandExecutor commandExecutor, ICapabilities appiumOptions)\n   at OpenQA.Selenium.Appium.AppiumDriver`1..ctor(Uri remoteAddress, ICapabilities appiumOptions, TimeSpan commandTimeout)\n   at OpenQA.Selenium.Appium.AppiumDriver`1..ctor(Uri remoteAddress, ICapabilities appiumOptions)\n   at OpenQA.Selenium.Appium.Android.AndroidDriver`1..ctor(Uri remoteAddress, DriverOptions driverOptions)\n   at Helpers.Drivers.Mobile.BrowserstackDriverBuilder.GetDriver() in /home/runner/work/gui-automation-csharp/gui-automation-csharp/Helpers/Drivers/Mobile/BrowserstackDriverBuilder.cs:line 14\n   at Helpers.Drivers.Mobile.MobileDriverManager..ctor() in /home/runner/work/gui-automation-csharp/gui-automation-csharp/Helpers/Drivers/Mobile/MobileDriverManager.cs:line 21\n   at MobileTests.Tests.__a$_around_Setup_100663299_o() in /home/runner/work/gui-automation-csharp/gui-automation-csharp/MobileTests/CreateHabit.cs:line 19\n   at MobileTests.Tests.__a$_around_Setup_100663299_u(Object[])\n   at Allure.Net.Commons.Steps.AllureAbstractStepAspect.WrapSyncVoid(Func`2 target, Object[] args, MethodBase metadata, String stepName, List`1 stepParameters)","steps":[],"attachments":[],"parameters":[],"shouldDisplayMessage":true,"stepsCount":0,"attachmentsCount":0,"hasContent":true,"attachmentStep":false}],"afterStages":[{"name":"Stop appium session.","time":{"start":1715008581212,"stop":1715008581213,"duration":1},"status":"broken","statusMessage":"Object reference not set to an instance of an object.","statusTrace":"System.NullReferenceException: Object reference not set to an instance of an object.\n   at MobileTests.Tests.__a$_around_TearDown_100663302_o() in /home/runner/work/gui-automation-csharp/gui-automation-csharp/MobileTests/CreateHabit.cs:line 86\n   at MobileTests.Tests.__a$_around_TearDown_100663302_u(Object[])\n   at Allure.Net.Commons.Steps.AllureAbstractStepAspect.WrapSyncVoid(Func`2 target, Object[] args, MethodBase metadata, String stepName, List`1 stepParameters)","steps":[],"attachments":[],"parameters":[],"shouldDisplayMessage":true,"stepsCount":0,"attachmentsCount":0,"hasContent":true,"attachmentStep":false}],"labels":[{"name":"thread","value":"NonParallelWorker"},{"name":"host","value":"fv-az973-438"},{"name":"language","value":"C#"},{"name":"framework","value":"NUnit 3"},{"name":"package","value":"MobileTests"},{"name":"testMethod","value":"CreateYesOrNoHabit"},{"name":"testClass","value":"Tests"},{"name":"resultFormat","value":"allure2"}],"parameters":[],"links":[],"hidden":false,"retry":false,"extra":{"severity":"normal","retries":[],"categories":[{"name":"Test defects","matchedStatuses":[],"flaky":false}],"history":{"statistic":{"failed":0,"broken":2,"skipped":0,"passed":2,"unknown":0,"total":4},"items":[{"uid":"38105a3203845d79","reportUrl":"https://sebasonti.github.io/gui-automation-csharp/11//#testresult/38105a3203845d79","status":"broken","statusDetails":"OpenQA.Selenium.WebDriverException : Invalid username or password\nTearDown : System.NullReferenceException : Object reference not set to an instance of an object.","time":{"start":1715008316473,"stop":1715008317186,"duration":713}},{"uid":"861937a70270e78e","reportUrl":"https://sebasonti.github.io/gui-automation-csharp/8//#testresult/861937a70270e78e","status":"passed","time":{"start":1714844262122,"stop":1714844338650,"duration":76528}},{"uid":"471bed0a98d6d96d","reportUrl":"https://sebasonti.github.io/gui-automation-csharp/7//#testresult/471bed0a98d6d96d","status":"passed","time":{"start":1714843413791,"stop":1714843502469,"duration":88678}}]},"tags":[]},"source":"8a7b9f8526db074f.json","parameterValues":[]}